#
# A fatal error has been detected by the Java Runtime Environment:
#
#  EXCEPTION_ACCESS_VIOLATION (0xc0000005) at pc=0x6ceeb96e, pid=16020, tid=0x00003b5c
#
# JRE version: Java(TM) SE Runtime Environment (8.0_181-b13) (build 1.8.0_181-b13)
# Java VM: Java HotSpot(TM) Client VM (25.181-b13 mixed mode windows-x86 )
# Problematic frame:
# V  [jvm.dll+0xdb96e]
#
# Failed to write core dump. Minidumps are not enabled by default on client versions of Windows
#
# If you would like to submit a bug report, please visit:
#   http://bugreport.java.com/bugreport/crash.jsp
#

---------------  T H R E A D  ---------------

Current thread (0x14ad7c00):  JavaThread "Thread-3" [_thread_in_vm, id=15196, stack(0x16680000,0x166d0000)]

siginfo: ExceptionCode=0xc0000005, reading address 0x00000000

Registers:
EAX=0x00000000, EBX=0x00000000, ECX=0x00000000, EDX=0x14ad7d40
ESP=0x166cf404, EBP=0x166cf434, ESI=0x166cf448, EDI=0x14ad7c00
EIP=0x6ceeb96e, EFLAGS=0x00010246

Top of Stack: (sp=0x166cf404)
0x166cf404:   166cf498 166cf448 01055bb0 00c91069
0x166cf414:   00000000 158be380 166cf454 6cf48150
0x166cf424:   14ad7c00 00000000 14bd81b0 6d100f72
0x166cf434:   166cf498 00c91ca6 14ad7c00 00000000
0x166cf444:   00000000 166cf4f8 01055bb0 01055bb0
0x166cf454:   cccccccc cccccccc cccccccc cccccccc
0x166cf464:   cccccccc cccccccc cccccccc cccccccc
0x166cf474:   cccccccc cccccccc cccccccc cccccccc 

Instructions: (pc=0x6ceeb96e)
0x6ceeb94e:   e8 cd b9 f2 ff 33 db 83 c4 08 89 7d f0 89 5d f4
0x6ceeb95e:   39 5f 04 74 08 8d 4d f0 e8 f5 ed 0c 00 8b 45 0c
0x6ceeb96e:   8b 30 8b 0d 50 d7 18 6d 39 1c 31 74 45 56 e8 3f
0x6ceeb97e:   9c f6 ff 83 c4 04 6a 00 6a 00 8d 4d dc 8d 78 01 


Register to memory mapping:

EAX=0x00000000 is an unknown value
EBX=0x00000000 is an unknown value
ECX=0x00000000 is an unknown value
EDX=0x14ad7d40 is an unknown value
ESP=0x166cf404 is pointing into the stack for thread: 0x14ad7c00
EBP=0x166cf434 is pointing into the stack for thread: 0x14ad7c00
ESI=0x166cf448 is pointing into the stack for thread: 0x14ad7c00
EDI=0x14ad7c00 is a thread


Stack: [0x16680000,0x166d0000],  sp=0x166cf404,  free space=317k
Native frames: (J=compiled Java code, j=interpreted, Vv=VM code, C=native code)
V  [jvm.dll+0xdb96e]
C  [jtts.dll+0x1ca6]
C  [jtts.dll+0x17e6]
j  org.loon.framework.jtts.Espeak.synth(Ljava/lang/String;)V+0
j  org.loon.framework.jtts.JTTSImpl$2.run()V+10
v  ~StubRoutines::call_stub
V  [jvm.dll+0x15c065]
V  [jvm.dll+0x223ade]
V  [jvm.dll+0x15c0fe]
V  [jvm.dll+0x15c286]
V  [jvm.dll+0x15c2f7]
V  [jvm.dll+0x10016f]
V  [jvm.dll+0x17f280]
V  [jvm.dll+0x17fafa]
V  [jvm.dll+0x1c5416]
C  [msvcr100.dll+0x5c556]
C  [msvcr100.dll+0x5c600]
C  [kernel32.dll+0x1336a]
C  [ntdll.dll+0x39902]
C  [ntdll.dll+0x398d5]
C  0x00000000

Java frames: (J=compiled Java code, j=interpreted, Vv=VM code)
j  org.loon.framework.jtts.Espeak.synth(Ljava/lang/String;)V+0
j  org.loon.framework.jtts.JTTSImpl$2.run()V+10
v  ~StubRoutines::call_stub

---------------  P R O C E S S  ---------------

Java Threads: ( => current thread )
=>0x14ad7c00 JavaThread "Thread-3" [_thread_in_vm, id=15196, stack(0x16680000,0x166d0000)]
  0x158e1800 JavaThread "nioEventLoopGroup-2-1" [_thread_in_native, id=15252, stack(0x164c0000,0x16510000)]
  0x14ae2000 JavaThread "Thread-0" [_thread_blocked, id=16316, stack(0x15550000,0x155a0000)]
  0x14a8b000 JavaThread "Service Thread" daemon [_thread_blocked, id=16240, stack(0x15310000,0x15360000)]
  0x14a63800 JavaThread "C1 CompilerThread0" daemon [_thread_blocked, id=16220, stack(0x047b0000,0x04800000)]
  0x14a61400 JavaThread "JDWP Command Reader" daemon [_thread_in_native, id=16144, stack(0x152c0000,0x15310000)]
  0x14a5b800 JavaThread "JDWP Event Helper Thread" daemon [_thread_blocked, id=16136, stack(0x15270000,0x152c0000)]
  0x14a59400 JavaThread "JDWP Transport Listener: dt_socket" daemon [_thread_blocked, id=6584, stack(0x14e80000,0x14ed0000)]
  0x14a47c00 JavaThread "Attach Listener" daemon [_thread_blocked, id=16108, stack(0x14de0000,0x14e30000)]
  0x14a47000 JavaThread "Signal Dispatcher" daemon [_thread_blocked, id=16100, stack(0x14d90000,0x14de0000)]
  0x14a2b000 JavaThread "Finalizer" daemon [_thread_blocked, id=5976, stack(0x14d00000,0x14d50000)]
  0x14a05000 JavaThread "Reference Handler" daemon [_thread_blocked, id=16096, stack(0x14c60000,0x14cb0000)]
  0x00d0d800 JavaThread "main" [_thread_blocked, id=16072, stack(0x003d0000,0x00420000)]

Other Threads:
  0x149fc000 VMThread [stack: 0x14830000,0x14880000] [id=16092]
  0x14aa7400 WatcherThread [stack: 0x153f0000,0x15440000] [id=16252]

VM state:not at safepoint (normal execution)

VM Mutex/Monitor currently owned by a thread: None

Heap:
 def new generation   total 4928K, used 587K [0x04800000, 0x04d50000, 0x09d50000)
  eden space 4416K,   1% used [0x04800000, 0x04812da0, 0x04c50000)
  from space 512K, 100% used [0x04c50000, 0x04cd0000, 0x04cd0000)
  to   space 512K,   0% used [0x04cd0000, 0x04cd0000, 0x04d50000)
 tenured generation   total 10944K, used 1775K [0x09d50000, 0x0a800000, 0x14800000)
   the space 10944K,  16% used [0x09d50000, 0x09f0bec0, 0x09f0c000, 0x0a800000)
 Metaspace       used 5054K, capacity 5241K, committed 5376K, reserved 5504K

Card table byte_map: [0x00d90000,0x00e20000] byte_map_base: 0x00d6c000

Polling page: 0x001a0000

CodeCache: size=32768Kb used=953Kb max_used=953Kb free=31814Kb
 bounds [0x02780000, 0x02870000, 0x04780000]
 total_blobs=354 nmethods=188 adapters=105
 compilation: enabled

Compilation events (10 events):
Event: 1.939 Thread 0x14a63800  183             sun.reflect.UTF8::utf8Length (81 bytes)
Event: 1.940 Thread 0x14a63800 nmethod 183 0x0286cf08 code [0x0286d020, 0x0286d19c]
Event: 1.940 Thread 0x14a63800  184             java.lang.Class::searchMethods (90 bytes)
Event: 1.942 Thread 0x14a63800 nmethod 184 0x0286d3c8 code [0x0286d530, 0x0286d818]
Event: 2.058 Thread 0x14a63800  185   !         java.lang.ref.ReferenceQueue::poll (28 bytes)
Event: 2.062 Thread 0x14a63800 nmethod 185 0x0286dcc8 code [0x0286dde0, 0x0286e01c]
Event: 2.171 Thread 0x14a63800  186             java.lang.String::<init> (10 bytes)
Event: 2.171 Thread 0x14a63800 nmethod 186 0x0286e108 code [0x0286e200, 0x0286e290]
Event: 12.174 Thread 0x14a63800  187             java.lang.Character::toLowerCase (6 bytes)
Event: 12.174 Thread 0x14a63800 nmethod 187 0x0286e308 code [0x0286e410, 0x0286e4b8]

GC Heap History (4 events):
Event: 1.120 GC heap before
{Heap before GC invocations=0 (full 0):
 def new generation   total 4928K, used 4416K [0x04800000, 0x04d50000, 0x09d50000)
  eden space 4416K, 100% used [0x04800000, 0x04c50000, 0x04c50000)
  from space 512K,   0% used [0x04c50000, 0x04c50000, 0x04cd0000)
  to   space 512K,   0% used [0x04cd0000, 0x04cd0000, 0x04d50000)
 tenured generation   total 10944K, used 0K [0x09d50000, 0x0a800000, 0x14800000)
   the space 10944K,   0% used [0x09d50000, 0x09d50000, 0x09d50200, 0x0a800000)
 Metaspace       used 3716K, capacity 3848K, committed 3904K, reserved 4480K
Event: 1.131 GC heap after
Heap after GC invocations=1 (full 0):
 def new generation   total 4928K, used 512K [0x04800000, 0x04d50000, 0x09d50000)
  eden space 4416K,   0% used [0x04800000, 0x04800000, 0x04c50000)
  from space 512K, 100% used [0x04cd0000, 0x04d50000, 0x04d50000)
  to   space 512K,   0% used [0x04c50000, 0x04c50000, 0x04cd0000)
 tenured generation   total 10944K, used 733K [0x09d50000, 0x0a800000, 0x14800000)
   the space 10944K,   6% used [0x09d50000, 0x09e076c8, 0x09e07800, 0x0a800000)
 Metaspace       used 3716K, capacity 3848K, committed 3904K, reserved 4480K
}
Event: 30.442 GC heap before
{Heap before GC invocations=1 (full 0):
 def new generation   total 4928K, used 4928K [0x04800000, 0x04d50000, 0x09d50000)
  eden space 4416K, 100% used [0x04800000, 0x04c50000, 0x04c50000)
  from space 512K, 100% used [0x04cd0000, 0x04d50000, 0x04d50000)
  to   space 512K,   0% used [0x04c50000, 0x04c50000, 0x04cd0000)
 tenured generation   total 10944K, used 733K [0x09d50000, 0x0a800000, 0x14800000)
   the space 10944K,   6% used [0x09d50000, 0x09e076c8, 0x09e07800, 0x0a800000)
 Metaspace       used 5053K, capacity 5241K, committed 5376K, reserved 5504K
Event: 30.488 GC heap after
Heap after GC invocations=2 (full 0):
 def new generation   total 4928K, used 512K [0x04800000, 0x04d50000, 0x09d50000)
  eden space 4416K,   0% used [0x04800000, 0x04800000, 0x04c50000)
  from space 512K, 100% used [0x04c50000, 0x04cd0000, 0x04cd0000)
  to   space 512K,   0% used [0x04cd0000, 0x04cd0000, 0x04d50000)
 tenured generation   total 10944K, used 1775K [0x09d50000, 0x0a800000, 0x14800000)
   the space 10944K,  16% used [0x09d50000, 0x09f0bec0, 0x09f0c000, 0x0a800000)
 Metaspace       used 5053K, capacity 5241K, committed 5376K, reserved 5504K
}

Deoptimization events (0 events):
No events

Classes redefined (0 events):
No events

Internal exceptions (10 events):
Event: 0.608 Thread 0x00d0d800 Exception <a 'java/lang/NoClassDefFoundError': javassist/ClassPath> (0x04a2a4f8) thrown at [C:\workspace\8-2-build-windows-i586-cygwin\jdk8u181\11358\hotspot\src\share\vm\classfile\systemDictionary.cpp, line 199]
Event: 1.083 Thread 0x00d0d800 Exception <a 'java/lang/NoSuchFieldError': method resolution failed> (0x04c26b10) thrown at [C:\workspace\8-2-build-windows-i586-cygwin\jdk8u181\11358\hotspot\src\share\vm\prims\methodHandles.cpp, line 1167]
Event: 1.090 Thread 0x00d0d800 Exception <a 'java/lang/NoSuchFieldError': method resolution failed> (0x04c330a8) thrown at [C:\workspace\8-2-build-windows-i586-cygwin\jdk8u181\11358\hotspot\src\share\vm\prims\methodHandles.cpp, line 1167]
Event: 1.584 Thread 0x158e1800 Exception <a 'java/lang/ArrayIndexOutOfBoundsException': 18> (0x04b131d8) thrown at [C:\workspace\8-2-build-windows-i586-cygwin\jdk8u181\11358\hotspot\src\share\vm\interpreter\interpreterRuntime.cpp, line 366]
Event: 1.584 Thread 0x158e1800 Exception <a 'java/lang/ArrayIndexOutOfBoundsException': 70> (0x04b13e78) thrown at [C:\workspace\8-2-build-windows-i586-cygwin\jdk8u181\11358\hotspot\src\share\vm\interpreter\interpreterRuntime.cpp, line 366]
Event: 1.585 Thread 0x158e1800 Exception <a 'java/lang/ArrayIndexOutOfBoundsException': 69> (0x04b14da8) thrown at [C:\workspace\8-2-build-windows-i586-cygwin\jdk8u181\11358\hotspot\src\share\vm\interpreter\interpreterRuntime.cpp, line 366]
Event: 1.628 Thread 0x158e1800 Exception <a 'java/lang/ArrayIndexOutOfBoundsException': 69> (0x04b5be50) thrown at [C:\workspace\8-2-build-windows-i586-cygwin\jdk8u181\11358\hotspot\src\share\vm\interpreter\interpreterRuntime.cpp, line 366]
Event: 1.628 Thread 0x158e1800 Exception <a 'java/lang/ArrayIndexOutOfBoundsException': 79> (0x04b5ca80) thrown at [C:\workspace\8-2-build-windows-i586-cygwin\jdk8u181\11358\hotspot\src\share\vm\interpreter\interpreterRuntime.cpp, line 366]
Event: 1.665 Thread 0x158e1800 Exception <a 'java/lang/ArrayIndexOutOfBoundsException': 79> (0x04b63a60) thrown at [C:\workspace\8-2-build-windows-i586-cygwin\jdk8u181\11358\hotspot\src\share\vm\interpreter\interpreterRuntime.cpp, line 366]
Event: 1.667 Thread 0x158e1800 Exception <a 'java/lang/ArrayIndexOutOfBoundsException': 79> (0x04b672a8) thrown at [C:\workspace\8-2-build-windows-i586-cygwin\jdk8u181\11358\hotspot\src\share\vm\interpreter\interpreterRuntime.cpp, line 366]

Events (10 events):
Event: 2.559 loading class java/util/PriorityQueue$Itr done
Event: 4.452 Executing VM operation: EnableBiasedLocking
Event: 4.452 Executing VM operation: EnableBiasedLocking done
Event: 12.172 loading class io/netty/handler/timeout/IdleStateEvent
Event: 12.172 loading class io/netty/handler/timeout/IdleStateEvent done
Event: 12.173 loading class io/netty/handler/timeout/IdleState
Event: 12.173 loading class io/netty/handler/timeout/IdleState done
Event: 30.442 Executing VM operation: GenCollectForAllocation
Event: 30.488 Executing VM operation: GenCollectForAllocation done
Event: 30.491 Thread 0x14ad7c00 Thread added: 0x14ad7c00


Dynamic libraries:
0x01340000 - 0x01373000 	C:\Users\Administrator\Desktop\pro\jre1.8.0_181\bin\javaw.exe
0x77460000 - 0x775e0000 	C:\Windows\SysWOW64\ntdll.dll
0x76200000 - 0x76310000 	C:\Windows\syswow64\kernel32.dll
0x761b0000 - 0x761f7000 	C:\Windows\syswow64\KERNELBASE.dll
0x75c20000 - 0x75cc1000 	C:\Windows\syswow64\ADVAPI32.dll
0x75e70000 - 0x75f1c000 	C:\Windows\syswow64\msvcrt.dll
0x75160000 - 0x75179000 	C:\Windows\SysWOW64\sechost.dll
0x76310000 - 0x76400000 	C:\Windows\syswow64\RPCRT4.dll
0x74f60000 - 0x74fc0000 	C:\Windows\syswow64\SspiCli.dll
0x74f50000 - 0x74f5c000 	C:\Windows\syswow64\CRYPTBASE.dll
0x75560000 - 0x75660000 	C:\Windows\syswow64\USER32.dll
0x75cd0000 - 0x75d60000 	C:\Windows\syswow64\GDI32.dll
0x76400000 - 0x7640a000 	C:\Windows\syswow64\LPK.dll
0x75b80000 - 0x75c1d000 	C:\Windows\syswow64\USP10.dll
0x71b60000 - 0x71cfe000 	C:\Windows\WinSxS\x86_microsoft.windows.common-controls_6595b64144ccf1df_6.0.7601.18837_none_41e855142bd5705d\COMCTL32.dll
0x75d60000 - 0x75db7000 	C:\Windows\syswow64\SHLWAPI.dll
0x753d0000 - 0x75430000 	C:\Windows\system32\IMM32.DLL
0x752d0000 - 0x7539c000 	C:\Windows\syswow64\MSCTF.dll
0x78130000 - 0x781ef000 	C:\Users\Administrator\Desktop\pro\jre1.8.0_181\bin\msvcr100.dll
0x6ce10000 - 0x6d1e3000 	C:\Users\Administrator\Desktop\pro\jre1.8.0_181\bin\client\jvm.dll
0x5a640000 - 0x5a647000 	C:\Windows\system32\WSOCK32.dll
0x75290000 - 0x752c5000 	C:\Windows\syswow64\WS2_32.dll
0x75dd0000 - 0x75dd6000 	C:\Windows\syswow64\NSI.dll
0x73a90000 - 0x73ac2000 	C:\Windows\system32\WINMM.dll
0x749c0000 - 0x749c9000 	C:\Windows\system32\VERSION.dll
0x75dc0000 - 0x75dc5000 	C:\Windows\syswow64\PSAPI.DLL
0x6fe10000 - 0x6fe1c000 	C:\Users\Administrator\Desktop\pro\jre1.8.0_181\bin\verify.dll
0x6cb30000 - 0x6cb52000 	C:\Users\Administrator\Desktop\pro\jre1.8.0_181\bin\java.dll
0x6d4d0000 - 0x6d4fb000 	C:\Users\Administrator\Desktop\pro\jre1.8.0_181\bin\jdwp.dll
0x6fd20000 - 0x6fd27000 	C:\Users\Administrator\Desktop\pro\jre1.8.0_181\bin\npt.dll
0x6ffa0000 - 0x6ffb4000 	C:\Users\Administrator\Desktop\pro\jre1.8.0_181\bin\zip.dll
0x76410000 - 0x7705b000 	C:\Windows\syswow64\SHELL32.dll
0x756d0000 - 0x7582c000 	C:\Windows\syswow64\ole32.dll
0x74980000 - 0x7498b000 	C:\Windows\system32\profapi.dll
0x001e0000 - 0x001e8000 	C:\Users\Administrator\Desktop\pro\jre1.8.0_181\bin\dt_socket.dll
0x70490000 - 0x704a0000 	C:\Windows\system32\NLAapi.dll
0x70440000 - 0x70450000 	C:\Windows\system32\napinsp.dll
0x70420000 - 0x70432000 	C:\Windows\system32\pnrpnsp.dll
0x71540000 - 0x7157c000 	C:\Windows\System32\mswsock.dll
0x719a0000 - 0x719e4000 	C:\Windows\system32\DNSAPI.dll
0x70410000 - 0x70418000 	C:\Windows\System32\winrnr.dll
0x73d40000 - 0x73d5c000 	C:\Windows\system32\IPHLPAPI.DLL
0x73d30000 - 0x73d37000 	C:\Windows\system32\WINNSI.DLL
0x703b0000 - 0x703e8000 	C:\Windows\System32\fwpuclnt.dll
0x70400000 - 0x70406000 	C:\Windows\system32\rasadhlp.dll
0x714d0000 - 0x714d5000 	C:\Windows\System32\wshtcpip.dll
0x15440000 - 0x154f5000 	D:\jee-oxygen2\eclipse-workspace\netty-client\espeak_lib.dll
0x00c90000 - 0x00cc9000 	D:\jee-oxygen2\eclipse-workspace\netty-client\jtts.dll
0x72090000 - 0x720c9000 	C:\Windows\system32\MMDevAPI.DLL
0x717f0000 - 0x718e5000 	C:\Windows\system32\PROPSYS.dll
0x75490000 - 0x75521000 	C:\Windows\syswow64\OLEAUT32.dll
0x72370000 - 0x723a0000 	C:\Windows\system32\wdmaud.drv
0x72080000 - 0x72084000 	C:\Windows\system32\ksuser.dll
0x721e0000 - 0x721e7000 	C:\Windows\system32\AVRT.dll
0x74fc0000 - 0x7515d000 	C:\Windows\syswow64\SETUPAPI.dll
0x75530000 - 0x75557000 	C:\Windows\syswow64\CFGMGR32.dll
0x75660000 - 0x75672000 	C:\Windows\syswow64\DEVOBJ.dll
0x720d0000 - 0x72106000 	C:\Windows\system32\AUDIOSES.DLL
0x73190000 - 0x73198000 	C:\Windows\system32\msacm32.drv
0x72350000 - 0x72364000 	C:\Windows\system32\MSACM32.dll
0x72340000 - 0x72347000 	C:\Windows\system32\midimap.dll
0x6fa70000 - 0x6fa85000 	C:\Users\Administrator\Desktop\pro\jre1.8.0_181\bin\net.dll
0x703f0000 - 0x703f6000 	C:\Windows\System32\wship6.dll
0x047a0000 - 0x047af000 	C:\Users\Administrator\Desktop\pro\jre1.8.0_181\bin\nio.dll
0x706c0000 - 0x706d6000 	C:\Windows\system32\CRYPTSP.dll
0x70680000 - 0x706bb000 	C:\Windows\system32\rsaenh.dll
0x74990000 - 0x749a7000 	C:\Windows\system32\USERENV.dll
0x71580000 - 0x7158d000 	C:\Windows\system32\dhcpcsvc6.DLL
0x739e0000 - 0x739f2000 	C:\Windows\system32\dhcpcsvc.DLL
0x707c0000 - 0x708ab000 	C:\Windows\system32\dbghelp.dll

VM Arguments:
jvm_args: -agentlib:jdwp=transport=dt_socket,suspend=y,address=localhost:9953 -Dfile.encoding=UTF-8 -Xbootclasspath:C:\Users\Administrator\Desktop\pro\jre1.8.0_181\lib\resources.jar;C:\Users\Administrator\Desktop\pro\jre1.8.0_181\lib\rt.jar;C:\Users\Administrator\Desktop\pro\jre1.8.0_181\lib\jsse.jar;C:\Users\Administrator\Desktop\pro\jre1.8.0_181\lib\jce.jar;C:\Users\Administrator\Desktop\pro\jre1.8.0_181\lib\charsets.jar;C:\Users\Administrator\Desktop\pro\jre1.8.0_181\lib\jfr.jar 
java_command: com.vinux.NettyClientApplication
java_class_path (initial): C:\Users\Administrator\Desktop\pro\jre1.8.0_181\lib\resources.jar;C:\Users\Administrator\Desktop\pro\jre1.8.0_181\lib\rt.jar;C:\Users\Administrator\Desktop\pro\jre1.8.0_181\lib\jsse.jar;C:\Users\Administrator\Desktop\pro\jre1.8.0_181\lib\jce.jar;C:\Users\Administrator\Desktop\pro\jre1.8.0_181\lib\charsets.jar;C:\Users\Administrator\Desktop\pro\jre1.8.0_181\lib\jfr.jar;D:\jee-oxygen2\eclipse-workspace\netty-client\target\classes;D:\jee-oxygen2\eclipse-workspace\netty-client\src\main\resources\jtts.jar;D:\maven\repository\io\netty\netty-all\4.0.0.Final\netty-all-4.0.0.Final.jar;D:\maven\repository\org\projectlombok\lombok\1.16.20\lombok-1.16.20.jar
Launcher Type: SUN_STANDARD

Environment Variables:
JAVA_HOME=C:\Program Files\Java\jdk1.8.0_112
PATH=C:/Program Files/Java/jdk1.8.0_112/jre/bin/server;C:/Program Files/Java/jdk1.8.0_112/jre/bin;C:/Program Files/Java/jdk1.8.0_112/jre/lib/amd64;C:\Program Files (x86)\Common Files\Oracle\Java\javapath;D:\sqlite;D:\maven-3.5.2\bin;D:\ant\bin;D:\hadoop3\;D:\hadoop3\libexec;D:\hadoop3\sbin;D:\hadoop3\bin;C:\Program Files\SlikSvn\bin;C:\Program Files\Java\jdk1.8.0_112/bin;C:\Program Files\Java\jdk1.8.0_112/jre/bin;C:\ProgramData\Oracle\Java\javapath;C:\Windows\system32;C:\Windows;C:\Windows\System32\Wbem;C:\Windows\System32\WindowsPowerShell\v1.0\;C:\Program Files (x86)\TortoiseSVN\bin;C:\Program Files\SlikSvn\bin\;C:\Program Files\nodejs\;F:\Geth;C:\Program Files\Git\cmd;C:\Program Files (x86)\Windows Kits\8.1\Windows Performance Toolkit\;C:\Program Files\Microsoft SQL Server\110\Tools\Binn\;C:\Users\Administrator\AppData\Roaming\npm;C:\Users\Administrator\Desktop;
USERNAME=Administrator
OS=Windows_NT
PROCESSOR_IDENTIFIER=Intel64 Family 6 Model 60 Stepping 3, GenuineIntel



---------------  S Y S T E M  ---------------

OS: Windows 7 , 64 bit Build 7601 (6.1.7601.23543)

CPU:total 4 (initial active 4) (2 cores per cpu, 2 threads per core) family 6 model 60 stepping 3, cmov, cx8, fxsr, mmx, sse, sse2, sse3, ssse3, sse4.1, sse4.2, popcnt, avx, avx2, aes, clmul, erms, lzcnt, ht, tsc, tscinvbit, bmi1, bmi2

Memory: 4k page, physical 4132464k(617832k free), swap 8263068k(2725736k free)

vm_info: Java HotSpot(TM) Client VM (25.181-b13) for windows-x86 JRE (1.8.0_181-b13), built on Jul  7 2018 03:18:20 by "java_re" with MS VC++ 10.0 (VS2010)

time: Tue Sep 18 11:30:35 2018
elapsed time: 30 seconds (0d 0h 0m 30s)

